
> frontend@1.0.0 dev
> vite --port 3000


  [32m[1mVITE[22m v4.4.0[39m  [2mready in [0m[1m214[22m[2m[0m ms[22m

  [32m➜[39m  [1mLocal[22m:   [36mhttp://localhost:[1m3000[22m/[39m
[2m[32m  ➜[39m[22m[2m  press [22m[1mh[22m[2m to show help[22m
[2m03:46:08[22m [36m[1m[vite][22m[39m [32mvite.config.js changed, restarting server...[39m
[2m03:46:09[22m [36m[1m[vite][22m[39m [32m.env changed, restarting server...[39m
[2m03:46:09[22m [36m[1m[vite][22m[39m [32mhmr update [39m[2m/src/pages/OrdersPage.jsx, /src/pages/AdminPage.jsx, /src/pages/ProfilePage.jsx, /src/pages/DeliveriesPage.jsx, /src/pages/ProductsPage.jsx, /src/pages/LoginPage.jsx, /src/pages/cartPage.jsx, /src/pages/PaymentPage.jsx, /src/pages/RegisterPage.jsx[22m
[2m03:46:09[22m [36m[1m[vite][22m[39m [32mhmr update [39m[2m/src/pages/DeliveriesPage.jsx[22m
[2m03:46:09[22m [36m[1m[vite][22m[39m [32mvite.config.js changed, restarting server...[39m
[2m03:46:09[22m [36m[1m[vite][22m[39m [32mhmr update [39m[2m/src/pages/DeliveriesPage.jsx[22m
[2m03:46:09[22m [36m[1m[vite][22m[39m server restarted.
[2m03:46:13[22m [36m[1m[vite][22m[39m [32mhmr update [39m[2m/src/pages/OrdersPage.jsx, /src/pages/AdminPage.jsx, /src/pages/ProfilePage.jsx, /src/pages/DeliveriesPage.jsx, /src/pages/ProductsPage.jsx, /src/pages/LoginPage.jsx, /src/pages/RegisterPage.jsx, /src/pages/cartPage.jsx, /src/pages/PaymentPage.jsx[22m
[2m03:46:13[22m [36m[1m[vite][22m[39m [32mhmr update [39m[2m/src/pages/DeliveriesPage.jsx[22m
[2m03:46:13[22m [36m[1m[vite][22m[39m [32mvite.config.js changed, restarting server...[39m
[2m03:46:13[22m [36m[1m[vite][22m[39m [32m.env changed, restarting server...[39m
[2m03:46:14[22m [36m[1m[vite][22m[39m server restarted.
[2m03:55:01[22m [36m[1m[vite][22m[39m [32mhmr update [39m[2m/src/pages/OrdersPage.jsx[22m
[2m03:55:01[22m [36m[1m[vite][22m[39m [32mhmr update [39m[2m/src/pages/DeliveriesPage.jsx[22m
[2m03:55:01[22m [36m[1m[vite][22m[39m [32mhmr update [39m[2m/src/pages/PaymentPage.jsx[22m
[2m03:55:03[22m [36m[1m[vite][22m[39m [32mhmr update [39m[2m/src/pages/DeliveriesPage.jsx[22m
[2m03:55:03[22m [36m[1m[vite][22m[39m [32mhmr update [39m[2m/src/pages/OrdersPage.jsx[22m
[2m03:55:03[22m [36m[1m[vite][22m[39m [32mhmr update [39m[2m/src/pages/PaymentPage.jsx[22m
[2m03:55:50[22m [36m[1m[vite][22m[39m [32mhmr update [39m[2m/src/pages/OrdersPage.jsx[22m
[2m03:55:50[22m [36m[1m[vite][22m[39m [32mhmr update [39m[2m/src/pages/DeliveriesPage.jsx[22m
[2m03:55:53[22m [36m[1m[vite][22m[39m [32mhmr update [39m[2m/src/pages/DeliveriesPage.jsx[22m
[2m03:55:53[22m [36m[1m[vite][22m[39m [32mhmr update [39m[2m/src/pages/OrdersPage.jsx[22m
[2m03:58:12[22m [36m[1m[vite][22m[39m [32mhmr update [39m[2m/src/pages/DeliveriesPage.jsx[22m
[2m03:58:12[22m [36m[1m[vite][22m[39m [32mhmr update [39m[2m/src/pages/OrdersPage.jsx[22m
[2m03:58:15[22m [36m[1m[vite][22m[39m [32mhmr update [39m[2m/src/pages/DeliveriesPage.jsx[22m
[2m03:58:15[22m [36m[1m[vite][22m[39m [32mhmr update [39m[2m/src/pages/OrdersPage.jsx[22m
[2m04:04:06[22m [36m[1m[vite][22m[39m [32mhmr update [39m[2m/src/pages/OrdersPage.jsx[22m
[2m04:04:06[22m [36m[1m[vite][22m[39m [32mhmr update [39m[2m/src/pages/PaymentPage.jsx[22m
[2m04:04:10[22m [36m[1m[vite][22m[39m [32mhmr update [39m[2m/src/pages/PaymentPage.jsx[22m
[2m04:04:10[22m [36m[1m[vite][22m[39m [32mhmr update [39m[2m/src/pages/OrdersPage.jsx[22m
[2m04:06:18[22m [36m[1m[vite][22m[39m [32mhmr update [39m[2m/src/pages/cartPage.jsx[22m
[2m04:06:18[22m [36m[1m[vite][22m[39m [32mhmr update [39m[2m/src/pages/OrdersPage.jsx[22m
[2m04:06:23[22m [36m[1m[vite][22m[39m [32mhmr update [39m[2m/src/pages/OrdersPage.jsx[22m
[2m04:06:23[22m [36m[1m[vite][22m[39m [32mhmr update [39m[2m/src/pages/cartPage.jsx[22m
[2m04:08:39[22m [36m[1m[vite][22m[39m [32mhmr update [39m[2m/src/pages/ProductsPage.jsx[22m
[2m04:08:41[22m [36m[1m[vite][22m[39m [32mhmr update [39m[2m/src/pages/ProductsPage.jsx[22m
[2m04:08:47[22m [36m[1m[vite][22m[39m [32mhmr update [39m[2m/src/components/Layout.jsx[22m
[2m04:08:49[22m [36m[1m[vite][22m[39m [32mhmr update [39m[2m/src/components/Layout.jsx[22m
[2m04:12:53[22m [36m[1m[vite][22m[39m [32mhmr update [39m[2m/src/pages/cartPage.jsx[22m
[2m04:12:56[22m [36m[1m[vite][22m[39m [32mhmr update [39m[2m/src/pages/cartPage.jsx[22m
[2m04:13:05[22m [36m[1m[vite][22m[39m [32mhmr update [39m[2m/src/pages/OrdersPage.jsx[22m
[2m04:13:07[22m [36m[1m[vite][22m[39m [32mhmr update [39m[2m/src/pages/OrdersPage.jsx[22m
